<?xml version="1.0" encoding="UTF-8"?>
<!-- Generated by org.testng.reporters.JUnitReportReporter -->
<testsuite skipped="0" hostname="PC316048" name="com.alphonso.tests.LoginTest" tests="1" failures="0" timestamp="26 Mar 2018 12:10:55 GMT" time="29.742" errors="0">
  <testcase name="login" time="29.742" classname="com.alphonso.tests.LoginTest"/>
</testsuite> <!-- com.alphonso.tests.LoginTest -->
